<?xml version="1.0" encoding="UTF-8"?>
<TestRun id="043445fb-8233-4218-ae0d-6809619e42f0" name="Peppe@WIN-PT2FBT6II3P 2015-04-19 16:55:12" runUser="WIN-PT2FBT6II3P\Peppe" xmlns="http://microsoft.com/schemas/VisualStudio/TeamTest/2010">
  <TestSettings name="Locale" id="5df23928-e0d8-4a2a-8f93-e46961aec419">
    <Description>Impostazioni test predefinite per un'esecuzione dei test locale.</Description>
    <Deployment enabled="false" runDeploymentRoot="Peppe_WIN-PT2FBT6II3P 2015-04-19 16_55_12">
      <DeploymentItem filename="C:\Users\Peppe\Documents\GitHub\Code4Fun_Leone_2015-04-18\Code4Fun_Leone_2015-04-18\bin\Debug\Code4Fun_Leone_2015-04-18.dll" />
    </Deployment>
    <Execution>
      <TestTypeSpecific />
      <AgentRule name="Execution Agents">
      </AgentRule>
    </Execution>
  </TestSettings>
  <Times creation="2015-04-19T16:55:12.1838273+02:00" queuing="2015-04-19T16:55:13.7109147+02:00" start="2015-04-19T16:55:13.7989197+02:00" finish="2015-04-19T16:55:16.4850733+02:00" />
  <ResultSummary outcome="Failed">
    <Counters total="13" executed="13" passed="1" error="0" failed="12" timeout="0" aborted="0" inconclusive="0" passedButRunAborted="0" notRunnable="0" notExecuted="0" disconnected="0" warning="0" completed="0" inProgress="0" pending="0" />
    <RunInfos>
      <RunInfo computerName="WIN-PT2FBT6II3P" outcome="Warning" timestamp="2015-04-19T16:55:12.2178293+02:00">
        <Text>La distribuzione è attualmente disattivata. L'elemento di distribuzione 'Code4Fun_Leone_2015-04-18.dll' nel test 'Code4Fun_Leone_2015_04_18_Test.NetworkInformationParserTest.ParseFlatFiles_IncompleteFile' non è stato distribuito.</Text>
      </RunInfo>
    </RunInfos>
  </ResultSummary>
  <TestDefinitions>
    <UnitTest name="ParseFlatFiles_IncompleteFile" storage="c:\users\peppe\documents\github\code4fun_leone_2015-04-18\code4fun_leone_2015-04-18\code4fun_leone_2015-04-18_test\bin\debug\code4fun_leone_2015-04-18_test.dll" id="6cf2337d-f71d-532a-012d-26f0342f83c0">
      <DeploymentItems>
        <DeploymentItem filename="Code4Fun_Leone_2015-04-18.dll" />
      </DeploymentItems>
      <Execution id="d380b916-6cc2-4800-9f42-e4bf341d1c6e" />
      <TestMethod codeBase="C:/Users/Peppe/Documents/GitHub/Code4Fun_Leone_2015-04-18/Code4Fun_Leone_2015-04-18/Code4Fun_Leone_2015-04-18_Test/bin/Debug/Code4Fun_Leone_2015-04-18_Test.DLL" adapterTypeName="Microsoft.VisualStudio.TestTools.TestTypes.Unit.UnitTestAdapter, Microsoft.VisualStudio.QualityTools.Tips.UnitTest.Adapter, Version=10.0.0.0, Culture=neutral, PublicKeyToken=b03f5f7f11d50a3a" className="Code4Fun_Leone_2015_04_18_Test.NetworkInformationParserTest, Code4Fun_Leone_2015-04-18_Test, Version=1.0.0.0, Culture=neutral, PublicKeyToken=null" name="ParseFlatFiles_IncompleteFile" />
    </UnitTest>
    <UnitTest name="ParseFlatFiles_DirectoryNotFound" storage="c:\users\peppe\documents\github\code4fun_leone_2015-04-18\code4fun_leone_2015-04-18\code4fun_leone_2015-04-18_test\bin\debug\code4fun_leone_2015-04-18_test.dll" id="06e07ec1-bc3c-9778-fb8d-aa0e71d2750e">
      <DeploymentItems>
        <DeploymentItem filename="Code4Fun_Leone_2015-04-18.dll" />
      </DeploymentItems>
      <Execution id="25b9d68f-1169-4c75-9609-84c5afb756ab" />
      <TestMethod codeBase="C:/Users/Peppe/Documents/GitHub/Code4Fun_Leone_2015-04-18/Code4Fun_Leone_2015-04-18/Code4Fun_Leone_2015-04-18_Test/bin/Debug/Code4Fun_Leone_2015-04-18_Test.DLL" adapterTypeName="Microsoft.VisualStudio.TestTools.TestTypes.Unit.UnitTestAdapter, Microsoft.VisualStudio.QualityTools.Tips.UnitTest.Adapter, Version=10.0.0.0, Culture=neutral, PublicKeyToken=b03f5f7f11d50a3a" className="Code4Fun_Leone_2015_04_18_Test.NetworkInformationParserTest, Code4Fun_Leone_2015-04-18_Test, Version=1.0.0.0, Culture=neutral, PublicKeyToken=null" name="ParseFlatFiles_DirectoryNotFound" />
    </UnitTest>
    <UnitTest name="ParseFlatFile_FileNotFound" storage="c:\users\peppe\documents\github\code4fun_leone_2015-04-18\code4fun_leone_2015-04-18\code4fun_leone_2015-04-18_test\bin\debug\code4fun_leone_2015-04-18_test.dll" id="b9d6a470-fc7c-7e63-e384-617897a3544e">
      <DeploymentItems>
        <DeploymentItem filename="Code4Fun_Leone_2015-04-18.dll" />
      </DeploymentItems>
      <Execution id="51549c92-3b1c-4f18-8cdd-4cae1dfe9c7a" />
      <TestMethod codeBase="C:/Users/Peppe/Documents/GitHub/Code4Fun_Leone_2015-04-18/Code4Fun_Leone_2015-04-18/Code4Fun_Leone_2015-04-18_Test/bin/Debug/Code4Fun_Leone_2015-04-18_Test.DLL" adapterTypeName="Microsoft.VisualStudio.TestTools.TestTypes.Unit.UnitTestAdapter, Microsoft.VisualStudio.QualityTools.Tips.UnitTest.Adapter, Version=10.0.0.0, Culture=neutral, PublicKeyToken=b03f5f7f11d50a3a" className="Code4Fun_Leone_2015_04_18_Test.NetworkInformationParserTest, Code4Fun_Leone_2015-04-18_Test, Version=1.0.0.0, Culture=neutral, PublicKeyToken=null" name="ParseFlatFile_FileNotFound" />
    </UnitTest>
    <UnitTest name="ParseFlatFile_IncompleteFile" storage="c:\users\peppe\documents\github\code4fun_leone_2015-04-18\code4fun_leone_2015-04-18\code4fun_leone_2015-04-18_test\bin\debug\code4fun_leone_2015-04-18_test.dll" id="afd56f4d-9fac-efaf-d0b4-6ce3e04b1cc3">
      <DeploymentItems>
        <DeploymentItem filename="Code4Fun_Leone_2015-04-18.dll" />
      </DeploymentItems>
      <Execution id="5d9d02ef-e47a-49fe-a6ef-ad052a150010" />
      <TestMethod codeBase="C:/Users/Peppe/Documents/GitHub/Code4Fun_Leone_2015-04-18/Code4Fun_Leone_2015-04-18/Code4Fun_Leone_2015-04-18_Test/bin/Debug/Code4Fun_Leone_2015-04-18_Test.DLL" adapterTypeName="Microsoft.VisualStudio.TestTools.TestTypes.Unit.UnitTestAdapter, Microsoft.VisualStudio.QualityTools.Tips.UnitTest.Adapter, Version=10.0.0.0, Culture=neutral, PublicKeyToken=b03f5f7f11d50a3a" className="Code4Fun_Leone_2015_04_18_Test.NetworkInformationParserTest, Code4Fun_Leone_2015-04-18_Test, Version=1.0.0.0, Culture=neutral, PublicKeyToken=null" name="ParseFlatFile_IncompleteFile" />
    </UnitTest>
    <UnitTest name="ParseFlatFile_ParseFlatFile" storage="c:\users\peppe\documents\github\code4fun_leone_2015-04-18\code4fun_leone_2015-04-18\code4fun_leone_2015-04-18_test\bin\debug\code4fun_leone_2015-04-18_test.dll" id="0d5d71ec-dba2-6391-dca9-a0fb3fd6ad05">
      <DeploymentItems>
        <DeploymentItem filename="Code4Fun_Leone_2015-04-18.dll" />
      </DeploymentItems>
      <Execution id="8e5da272-00aa-4d2f-beae-2f2620d81ff7" />
      <TestMethod codeBase="C:/Users/Peppe/Documents/GitHub/Code4Fun_Leone_2015-04-18/Code4Fun_Leone_2015-04-18/Code4Fun_Leone_2015-04-18_Test/bin/Debug/Code4Fun_Leone_2015-04-18_Test.DLL" adapterTypeName="Microsoft.VisualStudio.TestTools.TestTypes.Unit.UnitTestAdapter, Microsoft.VisualStudio.QualityTools.Tips.UnitTest.Adapter, Version=10.0.0.0, Culture=neutral, PublicKeyToken=b03f5f7f11d50a3a" className="Code4Fun_Leone_2015_04_18_Test.NetworkInformationParserTest, Code4Fun_Leone_2015-04-18_Test, Version=1.0.0.0, Culture=neutral, PublicKeyToken=null" name="ParseFlatFile_ParseFlatFile" />
    </UnitTest>
    <UnitTest name="Calculate_Calculate" storage="c:\users\peppe\documents\github\code4fun_leone_2015-04-18\code4fun_leone_2015-04-18\code4fun_leone_2015-04-18_test\bin\debug\code4fun_leone_2015-04-18_test.dll" id="1b896062-af59-adad-66da-82eb31490782">
      <DeploymentItems>
        <DeploymentItem filename="Code4Fun_Leone_2015-04-18.dll" />
      </DeploymentItems>
      <Execution id="04fa7873-3f4e-4fc1-918c-5ff5a180adac" />
      <TestMethod codeBase="C:/Users/Peppe/Documents/GitHub/Code4Fun_Leone_2015-04-18/Code4Fun_Leone_2015-04-18/Code4Fun_Leone_2015-04-18_Test/bin/Debug/Code4Fun_Leone_2015-04-18_Test.DLL" adapterTypeName="Microsoft.VisualStudio.TestTools.TestTypes.Unit.UnitTestAdapter, Microsoft.VisualStudio.QualityTools.Tips.UnitTest.Adapter, Version=10.0.0.0, Culture=neutral, PublicKeyToken=b03f5f7f11d50a3a" className="Code4Fun_Leone_2015_04_18_Test.NetworkInformationCalculatorTest, Code4Fun_Leone_2015-04-18_Test, Version=1.0.0.0, Culture=neutral, PublicKeyToken=null" name="Calculate_Calculate" />
    </UnitTest>
    <UnitTest name="ParseFlatFile_DuplicateKey" storage="c:\users\peppe\documents\github\code4fun_leone_2015-04-18\code4fun_leone_2015-04-18\code4fun_leone_2015-04-18_test\bin\debug\code4fun_leone_2015-04-18_test.dll" id="7aba810b-a0c0-8201-e056-d18e68201a5b">
      <DeploymentItems>
        <DeploymentItem filename="Code4Fun_Leone_2015-04-18.dll" />
      </DeploymentItems>
      <Execution id="ac049013-5c38-45c7-b373-d21270cf7e20" />
      <TestMethod codeBase="C:/Users/Peppe/Documents/GitHub/Code4Fun_Leone_2015-04-18/Code4Fun_Leone_2015-04-18/Code4Fun_Leone_2015-04-18_Test/bin/Debug/Code4Fun_Leone_2015-04-18_Test.DLL" adapterTypeName="Microsoft.VisualStudio.TestTools.TestTypes.Unit.UnitTestAdapter, Microsoft.VisualStudio.QualityTools.Tips.UnitTest.Adapter, Version=10.0.0.0, Culture=neutral, PublicKeyToken=b03f5f7f11d50a3a" className="Code4Fun_Leone_2015_04_18_Test.NetworkInformationParserTest, Code4Fun_Leone_2015-04-18_Test, Version=1.0.0.0, Culture=neutral, PublicKeyToken=null" name="ParseFlatFile_DuplicateKey" />
    </UnitTest>
    <UnitTest name="Calculate_NegaiveConnection" storage="c:\users\peppe\documents\github\code4fun_leone_2015-04-18\code4fun_leone_2015-04-18\code4fun_leone_2015-04-18_test\bin\debug\code4fun_leone_2015-04-18_test.dll" id="18b61074-caf2-b501-6f68-5c39d9ec0ff0">
      <DeploymentItems>
        <DeploymentItem filename="Code4Fun_Leone_2015-04-18.dll" />
      </DeploymentItems>
      <Execution id="d0507ba1-41ae-41e6-b65c-deb498006a30" />
      <TestMethod codeBase="C:/Users/Peppe/Documents/GitHub/Code4Fun_Leone_2015-04-18/Code4Fun_Leone_2015-04-18/Code4Fun_Leone_2015-04-18_Test/bin/Debug/Code4Fun_Leone_2015-04-18_Test.DLL" adapterTypeName="Microsoft.VisualStudio.TestTools.TestTypes.Unit.UnitTestAdapter, Microsoft.VisualStudio.QualityTools.Tips.UnitTest.Adapter, Version=10.0.0.0, Culture=neutral, PublicKeyToken=b03f5f7f11d50a3a" className="Code4Fun_Leone_2015_04_18_Test.NetworkInformationCalculatorTest, Code4Fun_Leone_2015-04-18_Test, Version=1.0.0.0, Culture=neutral, PublicKeyToken=null" name="Calculate_NegaiveConnection" />
    </UnitTest>
    <UnitTest name="Calculate_EmptyList" storage="c:\users\peppe\documents\github\code4fun_leone_2015-04-18\code4fun_leone_2015-04-18\code4fun_leone_2015-04-18_test\bin\debug\code4fun_leone_2015-04-18_test.dll" id="b81d1423-00a2-719b-2452-066462d5837c">
      <DeploymentItems>
        <DeploymentItem filename="Code4Fun_Leone_2015-04-18.dll" />
      </DeploymentItems>
      <Execution id="7409a643-d7ca-4d96-8dff-719420e70175" />
      <TestMethod codeBase="C:/Users/Peppe/Documents/GitHub/Code4Fun_Leone_2015-04-18/Code4Fun_Leone_2015-04-18/Code4Fun_Leone_2015-04-18_Test/bin/Debug/Code4Fun_Leone_2015-04-18_Test.DLL" adapterTypeName="Microsoft.VisualStudio.TestTools.TestTypes.Unit.UnitTestAdapter, Microsoft.VisualStudio.QualityTools.Tips.UnitTest.Adapter, Version=10.0.0.0, Culture=neutral, PublicKeyToken=b03f5f7f11d50a3a" className="Code4Fun_Leone_2015_04_18_Test.NetworkInformationCalculatorTest, Code4Fun_Leone_2015-04-18_Test, Version=1.0.0.0, Culture=neutral, PublicKeyToken=null" name="Calculate_EmptyList" />
    </UnitTest>
    <UnitTest name="ParseFlatFiles_ParseFlatFiles" storage="c:\users\peppe\documents\github\code4fun_leone_2015-04-18\code4fun_leone_2015-04-18\code4fun_leone_2015-04-18_test\bin\debug\code4fun_leone_2015-04-18_test.dll" id="980377c1-7391-8ee8-3bc3-2a576f026a8a">
      <DeploymentItems>
        <DeploymentItem filename="Code4Fun_Leone_2015-04-18.dll" />
      </DeploymentItems>
      <Execution id="14a78958-830f-4bd7-9fd6-ac111dbc64c4" />
      <TestMethod codeBase="C:/Users/Peppe/Documents/GitHub/Code4Fun_Leone_2015-04-18/Code4Fun_Leone_2015-04-18/Code4Fun_Leone_2015-04-18_Test/bin/Debug/Code4Fun_Leone_2015-04-18_Test.DLL" adapterTypeName="Microsoft.VisualStudio.TestTools.TestTypes.Unit.UnitTestAdapter, Microsoft.VisualStudio.QualityTools.Tips.UnitTest.Adapter, Version=10.0.0.0, Culture=neutral, PublicKeyToken=b03f5f7f11d50a3a" className="Code4Fun_Leone_2015_04_18_Test.NetworkInformationParserTest, Code4Fun_Leone_2015-04-18_Test, Version=1.0.0.0, Culture=neutral, PublicKeyToken=null" name="ParseFlatFiles_ParseFlatFiles" />
    </UnitTest>
    <UnitTest name="ParseFlatFiles_DuplicateKey" storage="c:\users\peppe\documents\github\code4fun_leone_2015-04-18\code4fun_leone_2015-04-18\code4fun_leone_2015-04-18_test\bin\debug\code4fun_leone_2015-04-18_test.dll" id="1419e153-4d2d-8237-23d6-1234a445d268">
      <DeploymentItems>
        <DeploymentItem filename="Code4Fun_Leone_2015-04-18.dll" />
      </DeploymentItems>
      <Execution id="ba293872-b1c1-4f6a-a679-470bb35c3a33" />
      <TestMethod codeBase="C:/Users/Peppe/Documents/GitHub/Code4Fun_Leone_2015-04-18/Code4Fun_Leone_2015-04-18/Code4Fun_Leone_2015-04-18_Test/bin/Debug/Code4Fun_Leone_2015-04-18_Test.DLL" adapterTypeName="Microsoft.VisualStudio.TestTools.TestTypes.Unit.UnitTestAdapter, Microsoft.VisualStudio.QualityTools.Tips.UnitTest.Adapter, Version=10.0.0.0, Culture=neutral, PublicKeyToken=b03f5f7f11d50a3a" className="Code4Fun_Leone_2015_04_18_Test.NetworkInformationParserTest, Code4Fun_Leone_2015-04-18_Test, Version=1.0.0.0, Culture=neutral, PublicKeyToken=null" name="ParseFlatFiles_DuplicateKey" />
    </UnitTest>
    <UnitTest name="Calculate_NullList" storage="c:\users\peppe\documents\github\code4fun_leone_2015-04-18\code4fun_leone_2015-04-18\code4fun_leone_2015-04-18_test\bin\debug\code4fun_leone_2015-04-18_test.dll" id="ae1f7ce3-2194-f26f-3a52-5277ed09e195">
      <DeploymentItems>
        <DeploymentItem filename="Code4Fun_Leone_2015-04-18.dll" />
      </DeploymentItems>
      <Execution id="e8a69406-5b7e-4834-bb29-d748b33a1c1f" />
      <TestMethod codeBase="C:/Users/Peppe/Documents/GitHub/Code4Fun_Leone_2015-04-18/Code4Fun_Leone_2015-04-18/Code4Fun_Leone_2015-04-18_Test/bin/Debug/Code4Fun_Leone_2015-04-18_Test.DLL" adapterTypeName="Microsoft.VisualStudio.TestTools.TestTypes.Unit.UnitTestAdapter, Microsoft.VisualStudio.QualityTools.Tips.UnitTest.Adapter, Version=10.0.0.0, Culture=neutral, PublicKeyToken=b03f5f7f11d50a3a" className="Code4Fun_Leone_2015_04_18_Test.NetworkInformationCalculatorTest, Code4Fun_Leone_2015-04-18_Test, Version=1.0.0.0, Culture=neutral, PublicKeyToken=null" name="Calculate_NullList" />
    </UnitTest>
    <UnitTest name="Equals_Equals" storage="c:\users\peppe\documents\github\code4fun_leone_2015-04-18\code4fun_leone_2015-04-18\code4fun_leone_2015-04-18_test\bin\debug\code4fun_leone_2015-04-18_test.dll" id="614d3a3d-1749-61e5-5506-6277f6fc9762">
      <Execution id="57fe5093-0f16-4cc3-8610-9c5d62e73a78" />
      <TestMethod codeBase="C:/Users/Peppe/Documents/GitHub/Code4Fun_Leone_2015-04-18/Code4Fun_Leone_2015-04-18/Code4Fun_Leone_2015-04-18_Test/bin/Debug/Code4Fun_Leone_2015-04-18_Test.DLL" adapterTypeName="Microsoft.VisualStudio.TestTools.TestTypes.Unit.UnitTestAdapter, Microsoft.VisualStudio.QualityTools.Tips.UnitTest.Adapter, Version=10.0.0.0, Culture=neutral, PublicKeyToken=b03f5f7f11d50a3a" className="Code4Fun_Leone_2015_04_18_Test.NetworkInformationTest, Code4Fun_Leone_2015-04-18_Test, Version=1.0.0.0, Culture=neutral, PublicKeyToken=null" name="Equals_Equals" />
    </UnitTest>
  </TestDefinitions>
  <TestLists>
    <TestList name="Risultati non in elenco" id="8c84fa94-04c1-424b-9868-57a2d4851a1d" />
    <TestList name="Tutti i risultati caricati" id="19431567-8539-422a-85d7-44ee4e166bda" />
  </TestLists>
  <TestEntries>
    <TestEntry testId="1b896062-af59-adad-66da-82eb31490782" executionId="04fa7873-3f4e-4fc1-918c-5ff5a180adac" testListId="8c84fa94-04c1-424b-9868-57a2d4851a1d" />
    <TestEntry testId="18b61074-caf2-b501-6f68-5c39d9ec0ff0" executionId="d0507ba1-41ae-41e6-b65c-deb498006a30" testListId="8c84fa94-04c1-424b-9868-57a2d4851a1d" />
    <TestEntry testId="b81d1423-00a2-719b-2452-066462d5837c" executionId="7409a643-d7ca-4d96-8dff-719420e70175" testListId="8c84fa94-04c1-424b-9868-57a2d4851a1d" />
    <TestEntry testId="ae1f7ce3-2194-f26f-3a52-5277ed09e195" executionId="e8a69406-5b7e-4834-bb29-d748b33a1c1f" testListId="8c84fa94-04c1-424b-9868-57a2d4851a1d" />
    <TestEntry testId="0d5d71ec-dba2-6391-dca9-a0fb3fd6ad05" executionId="8e5da272-00aa-4d2f-beae-2f2620d81ff7" testListId="8c84fa94-04c1-424b-9868-57a2d4851a1d" />
    <TestEntry testId="afd56f4d-9fac-efaf-d0b4-6ce3e04b1cc3" executionId="5d9d02ef-e47a-49fe-a6ef-ad052a150010" testListId="8c84fa94-04c1-424b-9868-57a2d4851a1d" />
    <TestEntry testId="b9d6a470-fc7c-7e63-e384-617897a3544e" executionId="51549c92-3b1c-4f18-8cdd-4cae1dfe9c7a" testListId="8c84fa94-04c1-424b-9868-57a2d4851a1d" />
    <TestEntry testId="7aba810b-a0c0-8201-e056-d18e68201a5b" executionId="ac049013-5c38-45c7-b373-d21270cf7e20" testListId="8c84fa94-04c1-424b-9868-57a2d4851a1d" />
    <TestEntry testId="980377c1-7391-8ee8-3bc3-2a576f026a8a" executionId="14a78958-830f-4bd7-9fd6-ac111dbc64c4" testListId="8c84fa94-04c1-424b-9868-57a2d4851a1d" />
    <TestEntry testId="06e07ec1-bc3c-9778-fb8d-aa0e71d2750e" executionId="25b9d68f-1169-4c75-9609-84c5afb756ab" testListId="8c84fa94-04c1-424b-9868-57a2d4851a1d" />
    <TestEntry testId="6cf2337d-f71d-532a-012d-26f0342f83c0" executionId="d380b916-6cc2-4800-9f42-e4bf341d1c6e" testListId="8c84fa94-04c1-424b-9868-57a2d4851a1d" />
    <TestEntry testId="1419e153-4d2d-8237-23d6-1234a445d268" executionId="ba293872-b1c1-4f6a-a679-470bb35c3a33" testListId="8c84fa94-04c1-424b-9868-57a2d4851a1d" />
    <TestEntry testId="614d3a3d-1749-61e5-5506-6277f6fc9762" executionId="57fe5093-0f16-4cc3-8610-9c5d62e73a78" testListId="8c84fa94-04c1-424b-9868-57a2d4851a1d" />
  </TestEntries>
  <Results>
    <UnitTestResult executionId="04fa7873-3f4e-4fc1-918c-5ff5a180adac" testId="1b896062-af59-adad-66da-82eb31490782" testName="Calculate_Calculate" computerName="WIN-PT2FBT6II3P" duration="00:00:00.1926788" startTime="2015-04-19T16:55:13.8509227+02:00" endTime="2015-04-19T16:55:14.8409793+02:00" testType="13cdc9d9-ddb5-4fa4-a97d-d965ccfc6d4b" outcome="Failed" testListId="8c84fa94-04c1-424b-9868-57a2d4851a1d" relativeResultsDirectory="04fa7873-3f4e-4fc1-918c-5ff5a180adac">
      <Output>
        <ErrorInfo>
          <Message>Il metodo di test Code4Fun_Leone_2015_04_18_Test.NetworkInformationCalculatorTest.Calculate_Calculate ha generato un'eccezione: 
System.NotImplementedException: Operazione o metodo non implementato.</Message>
          <StackTrace>   in Code4Fun_Leone_2015_04_18.NetworkInformationCalculator_Accessor.Calculate(List`1 networkInformations)
   in Code4Fun_Leone_2015_04_18_Test.NetworkInformationCalculatorTest.Calculate_Calculate() in C:\Users\Peppe\Documents\GitHub\Code4Fun_Leone_2015-04-18\Code4Fun_Leone_2015-04-18\Code4Fun_Leone_2015-04-18_Test\NetworkInformationCalculatorTest.cs:riga 41
</StackTrace>
        </ErrorInfo>
      </Output>
    </UnitTestResult>
    <UnitTestResult executionId="d0507ba1-41ae-41e6-b65c-deb498006a30" testId="18b61074-caf2-b501-6f68-5c39d9ec0ff0" testName="Calculate_NegaiveConnection" computerName="WIN-PT2FBT6II3P" duration="00:00:00.0991056" startTime="2015-04-19T16:55:14.8579803+02:00" endTime="2015-04-19T16:55:14.9659864+02:00" testType="13cdc9d9-ddb5-4fa4-a97d-d965ccfc6d4b" outcome="Failed" testListId="8c84fa94-04c1-424b-9868-57a2d4851a1d" relativeResultsDirectory="d0507ba1-41ae-41e6-b65c-deb498006a30">
      <Output>
        <ErrorInfo>
          <Message>Il metodo di test Code4Fun_Leone_2015_04_18_Test.NetworkInformationCalculatorTest.Calculate_NegaiveConnection ha generato un'eccezione: 
System.NotImplementedException: Operazione o metodo non implementato.</Message>
          <StackTrace>   in Code4Fun_Leone_2015_04_18.NetworkInformationCalculator_Accessor.Calculate(List`1 networkInformations)
   in Code4Fun_Leone_2015_04_18_Test.NetworkInformationCalculatorTest.Calculate_NegaiveConnection() in C:\Users\Peppe\Documents\GitHub\Code4Fun_Leone_2015-04-18\Code4Fun_Leone_2015-04-18\Code4Fun_Leone_2015-04-18_Test\NetworkInformationCalculatorTest.cs:riga 59
</StackTrace>
        </ErrorInfo>
      </Output>
    </UnitTestResult>
    <UnitTestResult executionId="7409a643-d7ca-4d96-8dff-719420e70175" testId="b81d1423-00a2-719b-2452-066462d5837c" testName="Calculate_EmptyList" computerName="WIN-PT2FBT6II3P" duration="00:00:00.1517613" startTime="2015-04-19T16:55:14.9779871+02:00" endTime="2015-04-19T16:55:15.1369962+02:00" testType="13cdc9d9-ddb5-4fa4-a97d-d965ccfc6d4b" outcome="Failed" testListId="8c84fa94-04c1-424b-9868-57a2d4851a1d" relativeResultsDirectory="7409a643-d7ca-4d96-8dff-719420e70175">
      <Output>
        <ErrorInfo>
          <Message>Il metodo di test Code4Fun_Leone_2015_04_18_Test.NetworkInformationCalculatorTest.Calculate_EmptyList ha generato un'eccezione: 
System.NotImplementedException: Operazione o metodo non implementato.</Message>
          <StackTrace>   in Code4Fun_Leone_2015_04_18.NetworkInformationCalculator_Accessor.Calculate(List`1 networkInformations)
   in Code4Fun_Leone_2015_04_18_Test.NetworkInformationCalculatorTest.Calculate_EmptyList() in C:\Users\Peppe\Documents\GitHub\Code4Fun_Leone_2015-04-18\Code4Fun_Leone_2015-04-18\Code4Fun_Leone_2015-04-18_Test\NetworkInformationCalculatorTest.cs:riga 73
</StackTrace>
        </ErrorInfo>
      </Output>
    </UnitTestResult>
    <UnitTestResult executionId="e8a69406-5b7e-4834-bb29-d748b33a1c1f" testId="ae1f7ce3-2194-f26f-3a52-5277ed09e195" testName="Calculate_NullList" computerName="WIN-PT2FBT6II3P" duration="00:00:00.0877017" startTime="2015-04-19T16:55:15.1489969+02:00" endTime="2015-04-19T16:55:15.2470025+02:00" testType="13cdc9d9-ddb5-4fa4-a97d-d965ccfc6d4b" outcome="Failed" testListId="8c84fa94-04c1-424b-9868-57a2d4851a1d" relativeResultsDirectory="e8a69406-5b7e-4834-bb29-d748b33a1c1f">
      <Output>
        <ErrorInfo>
          <Message>Il metodo di test Code4Fun_Leone_2015_04_18_Test.NetworkInformationCalculatorTest.Calculate_NullList ha generato un'eccezione: 
System.NotImplementedException: Operazione o metodo non implementato.</Message>
          <StackTrace>   in Code4Fun_Leone_2015_04_18.NetworkInformationCalculator_Accessor.Calculate(List`1 networkInformations)
   in Code4Fun_Leone_2015_04_18_Test.NetworkInformationCalculatorTest.Calculate_NullList() in C:\Users\Peppe\Documents\GitHub\Code4Fun_Leone_2015-04-18\Code4Fun_Leone_2015-04-18\Code4Fun_Leone_2015-04-18_Test\NetworkInformationCalculatorTest.cs:riga 87
</StackTrace>
        </ErrorInfo>
      </Output>
    </UnitTestResult>
    <UnitTestResult executionId="8e5da272-00aa-4d2f-beae-2f2620d81ff7" testId="0d5d71ec-dba2-6391-dca9-a0fb3fd6ad05" testName="ParseFlatFile_ParseFlatFile" computerName="WIN-PT2FBT6II3P" duration="00:00:00.0890843" startTime="2015-04-19T16:55:15.2750041+02:00" endTime="2015-04-19T16:55:15.3700095+02:00" testType="13cdc9d9-ddb5-4fa4-a97d-d965ccfc6d4b" outcome="Failed" testListId="8c84fa94-04c1-424b-9868-57a2d4851a1d" relativeResultsDirectory="8e5da272-00aa-4d2f-beae-2f2620d81ff7">
      <Output>
        <StdOut>C:\Users\Peppe\Documents\GitHub\Code4Fun_Leone_2015-04-18\Code4Fun_Leone_2015-04-18\Code4Fun_Leone_2015-04-18_Test\bin\Debug\..\..\Test_Data\1.tsv</StdOut>
        <ErrorInfo>
          <Message>Il metodo di test Code4Fun_Leone_2015_04_18_Test.NetworkInformationParserTest.ParseFlatFile_ParseFlatFile ha generato un'eccezione: 
System.NotImplementedException: Operazione o metodo non implementato.</Message>
          <StackTrace>   in Code4Fun_Leone_2015_04_18.NetworkInformationParser_Accessor.ParseFlatFile(String filename, Char delimiter)
   in Code4Fun_Leone_2015_04_18_Test.NetworkInformationParserTest.ParseFlatFile_ParseFlatFile() in C:\Users\Peppe\Documents\GitHub\Code4Fun_Leone_2015-04-18\Code4Fun_Leone_2015-04-18\Code4Fun_Leone_2015-04-18_Test\NetworkInformationParserTest.cs:riga 41
</StackTrace>
        </ErrorInfo>
      </Output>
    </UnitTestResult>
    <UnitTestResult executionId="5d9d02ef-e47a-49fe-a6ef-ad052a150010" testId="afd56f4d-9fac-efaf-d0b4-6ce3e04b1cc3" testName="ParseFlatFile_IncompleteFile" computerName="WIN-PT2FBT6II3P" duration="00:00:00.2247393" startTime="2015-04-19T16:55:15.3790101+02:00" endTime="2015-04-19T16:55:15.6110233+02:00" testType="13cdc9d9-ddb5-4fa4-a97d-d965ccfc6d4b" outcome="Failed" testListId="8c84fa94-04c1-424b-9868-57a2d4851a1d" relativeResultsDirectory="5d9d02ef-e47a-49fe-a6ef-ad052a150010">
      <Output>
        <StdOut>C:\Users\Peppe\Documents\GitHub\Code4Fun_Leone_2015-04-18\Code4Fun_Leone_2015-04-18\Code4Fun_Leone_2015-04-18_Test\bin\Debug\..\..\Test_Data2\3.tsv</StdOut>
        <ErrorInfo>
          <Message>Il metodo di test Code4Fun_Leone_2015_04_18_Test.NetworkInformationParserTest.ParseFlatFile_IncompleteFile ha generato l'eccezione System.NotImplementedException, ma era prevista l'eccezione System.Exception. Messaggio dell'eccezione: System.NotImplementedException: Operazione o metodo non implementato.</Message>
          <StackTrace>   in Code4Fun_Leone_2015_04_18.NetworkInformationParser_Accessor.ParseFlatFile(String filename, Char delimiter)
   in Code4Fun_Leone_2015_04_18_Test.NetworkInformationParserTest.ParseFlatFile_IncompleteFile() in C:\Users\Peppe\Documents\GitHub\Code4Fun_Leone_2015-04-18\Code4Fun_Leone_2015-04-18\Code4Fun_Leone_2015-04-18_Test\NetworkInformationParserTest.cs:riga 58
</StackTrace>
        </ErrorInfo>
      </Output>
    </UnitTestResult>
    <UnitTestResult executionId="51549c92-3b1c-4f18-8cdd-4cae1dfe9c7a" testId="b9d6a470-fc7c-7e63-e384-617897a3544e" testName="ParseFlatFile_FileNotFound" computerName="WIN-PT2FBT6II3P" duration="00:00:00.1091531" startTime="2015-04-19T16:55:15.6200238+02:00" endTime="2015-04-19T16:55:15.7360305+02:00" testType="13cdc9d9-ddb5-4fa4-a97d-d965ccfc6d4b" outcome="Failed" testListId="8c84fa94-04c1-424b-9868-57a2d4851a1d" relativeResultsDirectory="51549c92-3b1c-4f18-8cdd-4cae1dfe9c7a">
      <Output>
        <StdOut>C:\Users\Peppe\Documents\GitHub\Code4Fun_Leone_2015-04-18\Code4Fun_Leone_2015-04-18\Code4Fun_Leone_2015-04-18_Test\bin\Debug\..\..\Test_Data2\filenotfound.tsv</StdOut>
        <ErrorInfo>
          <Message>Il metodo di test Code4Fun_Leone_2015_04_18_Test.NetworkInformationParserTest.ParseFlatFile_FileNotFound ha generato l'eccezione System.NotImplementedException, ma era prevista l'eccezione System.IO.FileNotFoundException. Messaggio dell'eccezione: System.NotImplementedException: Operazione o metodo non implementato.</Message>
          <StackTrace>   in Code4Fun_Leone_2015_04_18.NetworkInformationParser_Accessor.ParseFlatFile(String filename, Char delimiter)
   in Code4Fun_Leone_2015_04_18_Test.NetworkInformationParserTest.ParseFlatFile_FileNotFound() in C:\Users\Peppe\Documents\GitHub\Code4Fun_Leone_2015-04-18\Code4Fun_Leone_2015-04-18\Code4Fun_Leone_2015-04-18_Test\NetworkInformationParserTest.cs:riga 74
</StackTrace>
        </ErrorInfo>
      </Output>
    </UnitTestResult>
    <UnitTestResult executionId="ac049013-5c38-45c7-b373-d21270cf7e20" testId="7aba810b-a0c0-8201-e056-d18e68201a5b" testName="ParseFlatFile_DuplicateKey" computerName="WIN-PT2FBT6II3P" duration="00:00:00.1077745" startTime="2015-04-19T16:55:15.7480312+02:00" endTime="2015-04-19T16:55:15.8610376+02:00" testType="13cdc9d9-ddb5-4fa4-a97d-d965ccfc6d4b" outcome="Failed" testListId="8c84fa94-04c1-424b-9868-57a2d4851a1d" relativeResultsDirectory="ac049013-5c38-45c7-b373-d21270cf7e20">
      <Output>
        <StdOut>C:\Users\Peppe\Documents\GitHub\Code4Fun_Leone_2015-04-18\Code4Fun_Leone_2015-04-18\Code4Fun_Leone_2015-04-18_Test\bin\Debug\..\..\Test_Data3\4.tsv</StdOut>
        <ErrorInfo>
          <Message>Il metodo di test Code4Fun_Leone_2015_04_18_Test.NetworkInformationParserTest.ParseFlatFile_DuplicateKey ha generato l'eccezione System.NotImplementedException, ma era prevista l'eccezione System.Exception. Messaggio dell'eccezione: System.NotImplementedException: Operazione o metodo non implementato.</Message>
          <StackTrace>   in Code4Fun_Leone_2015_04_18.NetworkInformationParser_Accessor.ParseFlatFile(String filename, Char delimiter)
   in Code4Fun_Leone_2015_04_18_Test.NetworkInformationParserTest.ParseFlatFile_DuplicateKey() in C:\Users\Peppe\Documents\GitHub\Code4Fun_Leone_2015-04-18\Code4Fun_Leone_2015-04-18\Code4Fun_Leone_2015-04-18_Test\NetworkInformationParserTest.cs:riga 90
</StackTrace>
        </ErrorInfo>
      </Output>
    </UnitTestResult>
    <UnitTestResult executionId="14a78958-830f-4bd7-9fd6-ac111dbc64c4" testId="980377c1-7391-8ee8-3bc3-2a576f026a8a" testName="ParseFlatFiles_ParseFlatFiles" computerName="WIN-PT2FBT6II3P" duration="00:00:00.0945992" startTime="2015-04-19T16:55:15.8710382+02:00" endTime="2015-04-19T16:55:15.9730440+02:00" testType="13cdc9d9-ddb5-4fa4-a97d-d965ccfc6d4b" outcome="Failed" testListId="8c84fa94-04c1-424b-9868-57a2d4851a1d" relativeResultsDirectory="14a78958-830f-4bd7-9fd6-ac111dbc64c4">
      <Output>
        <StdOut>C:\Users\Peppe\Documents\GitHub\Code4Fun_Leone_2015-04-18\Code4Fun_Leone_2015-04-18\Code4Fun_Leone_2015-04-18_Test\bin\Debug\..\..\Test_Data</StdOut>
        <ErrorInfo>
          <Message>Il metodo di test Code4Fun_Leone_2015_04_18_Test.NetworkInformationParserTest.ParseFlatFiles_ParseFlatFiles ha generato un'eccezione: 
System.NotImplementedException: Operazione o metodo non implementato.</Message>
          <StackTrace>   in Code4Fun_Leone_2015_04_18.NetworkInformationParser_Accessor.ParseFlatFiles(String path, String searchPattern, Char delimiter)
   in Code4Fun_Leone_2015_04_18_Test.NetworkInformationParserTest.ParseFlatFiles_ParseFlatFiles() in C:\Users\Peppe\Documents\GitHub\Code4Fun_Leone_2015-04-18\Code4Fun_Leone_2015-04-18\Code4Fun_Leone_2015-04-18_Test\NetworkInformationParserTest.cs:riga 110
</StackTrace>
        </ErrorInfo>
      </Output>
    </UnitTestResult>
    <UnitTestResult executionId="25b9d68f-1169-4c75-9609-84c5afb756ab" testId="06e07ec1-bc3c-9778-fb8d-aa0e71d2750e" testName="ParseFlatFiles_DirectoryNotFound" computerName="WIN-PT2FBT6II3P" duration="00:00:00.1028177" startTime="2015-04-19T16:55:15.9820446+02:00" endTime="2015-04-19T16:55:16.0920508+02:00" testType="13cdc9d9-ddb5-4fa4-a97d-d965ccfc6d4b" outcome="Failed" testListId="8c84fa94-04c1-424b-9868-57a2d4851a1d" relativeResultsDirectory="25b9d68f-1169-4c75-9609-84c5afb756ab">
      <Output>
        <StdOut>C:\Users\Peppe\Documents\GitHub\Code4Fun_Leone_2015-04-18\Code4Fun_Leone_2015-04-18\Code4Fun_Leone_2015-04-18_Test\bin\Debug\..\..\directorynotfound</StdOut>
        <ErrorInfo>
          <Message>Il metodo di test Code4Fun_Leone_2015_04_18_Test.NetworkInformationParserTest.ParseFlatFiles_DirectoryNotFound ha generato l'eccezione System.NotImplementedException, ma era prevista l'eccezione System.IO.DirectoryNotFoundException. Messaggio dell'eccezione: System.NotImplementedException: Operazione o metodo non implementato.</Message>
          <StackTrace>   in Code4Fun_Leone_2015_04_18.NetworkInformationParser_Accessor.ParseFlatFiles(String path, String searchPattern, Char delimiter)
   in Code4Fun_Leone_2015_04_18_Test.NetworkInformationParserTest.ParseFlatFiles_DirectoryNotFound() in C:\Users\Peppe\Documents\GitHub\Code4Fun_Leone_2015-04-18\Code4Fun_Leone_2015-04-18\Code4Fun_Leone_2015-04-18_Test\NetworkInformationParserTest.cs:riga 129
</StackTrace>
        </ErrorInfo>
      </Output>
    </UnitTestResult>
    <UnitTestResult executionId="d380b916-6cc2-4800-9f42-e4bf341d1c6e" testId="6cf2337d-f71d-532a-012d-26f0342f83c0" testName="ParseFlatFiles_IncompleteFile" computerName="WIN-PT2FBT6II3P" duration="00:00:00.1061253" startTime="2015-04-19T16:55:16.1030515+02:00" endTime="2015-04-19T16:55:16.2170580+02:00" testType="13cdc9d9-ddb5-4fa4-a97d-d965ccfc6d4b" outcome="Failed" testListId="8c84fa94-04c1-424b-9868-57a2d4851a1d" relativeResultsDirectory="d380b916-6cc2-4800-9f42-e4bf341d1c6e">
      <Output>
        <StdOut>C:\Users\Peppe\Documents\GitHub\Code4Fun_Leone_2015-04-18\Code4Fun_Leone_2015-04-18\Code4Fun_Leone_2015-04-18_Test\bin\Debug\..\..\Test_Data2</StdOut>
        <ErrorInfo>
          <Message>Il metodo di test Code4Fun_Leone_2015_04_18_Test.NetworkInformationParserTest.ParseFlatFiles_IncompleteFile ha generato l'eccezione System.NotImplementedException, ma era prevista l'eccezione System.Exception. Messaggio dell'eccezione: System.NotImplementedException: Operazione o metodo non implementato.</Message>
          <StackTrace>   in Code4Fun_Leone_2015_04_18.NetworkInformationParser_Accessor.ParseFlatFiles(String path, String searchPattern, Char delimiter)
   in Code4Fun_Leone_2015_04_18_Test.NetworkInformationParserTest.ParseFlatFiles_IncompleteFile() in C:\Users\Peppe\Documents\GitHub\Code4Fun_Leone_2015-04-18\Code4Fun_Leone_2015-04-18\Code4Fun_Leone_2015-04-18_Test\NetworkInformationParserTest.cs:riga 147
</StackTrace>
        </ErrorInfo>
      </Output>
    </UnitTestResult>
    <UnitTestResult executionId="ba293872-b1c1-4f6a-a679-470bb35c3a33" testId="1419e153-4d2d-8237-23d6-1234a445d268" testName="ParseFlatFiles_DuplicateKey" computerName="WIN-PT2FBT6II3P" duration="00:00:00.1028195" startTime="2015-04-19T16:55:16.2270586+02:00" endTime="2015-04-19T16:55:16.3360648+02:00" testType="13cdc9d9-ddb5-4fa4-a97d-d965ccfc6d4b" outcome="Failed" testListId="8c84fa94-04c1-424b-9868-57a2d4851a1d" relativeResultsDirectory="ba293872-b1c1-4f6a-a679-470bb35c3a33">
      <Output>
        <StdOut>C:\Users\Peppe\Documents\GitHub\Code4Fun_Leone_2015-04-18\Code4Fun_Leone_2015-04-18\Code4Fun_Leone_2015-04-18_Test\bin\Debug\..\..\Test_Data3</StdOut>
        <ErrorInfo>
          <Message>Il metodo di test Code4Fun_Leone_2015_04_18_Test.NetworkInformationParserTest.ParseFlatFiles_DuplicateKey ha generato l'eccezione System.NotImplementedException, ma era prevista l'eccezione System.Exception. Messaggio dell'eccezione: System.NotImplementedException: Operazione o metodo non implementato.</Message>
          <StackTrace>   in Code4Fun_Leone_2015_04_18.NetworkInformationParser_Accessor.ParseFlatFiles(String path, String searchPattern, Char delimiter)
   in Code4Fun_Leone_2015_04_18_Test.NetworkInformationParserTest.ParseFlatFiles_DuplicateKey() in C:\Users\Peppe\Documents\GitHub\Code4Fun_Leone_2015-04-18\Code4Fun_Leone_2015-04-18\Code4Fun_Leone_2015-04-18_Test\NetworkInformationParserTest.cs:riga 164
</StackTrace>
        </ErrorInfo>
      </Output>
    </UnitTestResult>
    <UnitTestResult executionId="57fe5093-0f16-4cc3-8610-9c5d62e73a78" testId="614d3a3d-1749-61e5-5506-6277f6fc9762" testName="Equals_Equals" computerName="WIN-PT2FBT6II3P" duration="00:00:00.0025735" startTime="2015-04-19T16:55:16.3460654+02:00" endTime="2015-04-19T16:55:16.3590661+02:00" testType="13cdc9d9-ddb5-4fa4-a97d-d965ccfc6d4b" outcome="Passed" testListId="8c84fa94-04c1-424b-9868-57a2d4851a1d" relativeResultsDirectory="57fe5093-0f16-4cc3-8610-9c5d62e73a78">
    </UnitTestResult>
  </Results>
</TestRun>